<?xml version="1.0" encoding="UTF-8"?>
<testsuite xmlns:xsi="http://www.w3.org/2001/XMLSchema-instance" xsi:noNamespaceSchemaLocation="https://maven.apache.org/surefire/maven-surefire-plugin/xsd/surefire-test-report-3.0.xsd" version="3.0" name="Runners.Smoke" time="15.262" tests="4" errors="0" skipped="0" failures="0">
  <properties>
[...]
</properties>
  <testcase name="valid username and invalid password #2" classname="Error validation in login page" time="4.932"/>
  <testcase name="valid username and invalid password #3" classname="Error validation in login page" time="3.363"/>
  <testcase name="valid username and invalid password #4" classname="Error validation in login page" time="3.193"/>
  <testcase name="valid username and invalid password #5" classname="Error validation in login page" time="3.145"/>
</testsuite>